This is pdfTeX, Version 3.14159265-2.6-1.40.15 (MiKTeX 2.9) (preloaded format=pdflatex 2015.2.23)  4 APR 2015 20:16
entering extended mode
**"C:/Users/Chase/Google Drive/PHYS 5243 - Solid State Physics/Homework/Lecture
 Notes/chapter8Kittel.tex"

("C:/Users/Chase/Google Drive/PHYS 5243 - Solid State Physics/Homework/Lecture 
Notes/chapter8Kittel.tex"
LaTeX2e <2014/05/01>
Babel <3.9l> and hyphenation patterns for 68 languages loaded.
! Undefined control sequence.
l.1 \section
            {Chapter 8 - Semiconductor Crystals}
? 
! Emergency stop.
l.1 \section
            {Chapter 8 - Semiconductor Crystals}
End of file on the terminal!

 
Here is how much of TeX's memory you used:
 7 strings out of 493698
 373 string characters out of 3141994
 52149 words of memory out of 3000000
 3432 multiletter control sequences out of 15000+200000
 3640 words of font info for 14 fonts, out of 3000000 for 9000
 1025 hyphenation exceptions out of 8191
 5i,0n,1p,152b,8s stack positions out of 5000i,500n,10000p,200000b,50000s
!  ==> Fatal error occurred, no output PDF file produced!
