\BOOKMARK [1][-]{section.1}{The Photoelectric and Compton Effects}{}% 1
\BOOKMARK [2][-]{subsection.1.1}{Historical Background}{section.1}% 2
\BOOKMARK [2][-]{subsection.1.2}{Einstein's Theory of Photoelectric Effect}{section.1}% 3
\BOOKMARK [2][-]{subsection.1.3}{Compton Effect}{section.1}% 4
\BOOKMARK [1][-]{section.2}{De Broglie Wavelength and the Davisson-Germer Experiement}{}% 5
\BOOKMARK [2][-]{subsection.2.1}{The De Broglie Postulate \(1924\)}{section.2}% 6
\BOOKMARK [2][-]{subsection.2.2}{The Davisson-Germer Experiment}{section.2}% 7
\BOOKMARK [2][-]{subsection.2.3}{Final Words}{section.2}% 8
\BOOKMARK [1][-]{section.3}{Linear Algebra Review}{}% 9
\BOOKMARK [2][-]{subsection.3.1}{Vector Spaces}{section.3}% 10
\BOOKMARK [2][-]{subsection.3.2}{Matrices}{section.3}% 11
\BOOKMARK [1][-]{section.4}{Introduction to the Formalism and Structure of Quantum Mechanics}{}% 12
\BOOKMARK [2][-]{subsection.4.1}{Angular Momentum and Spin}{section.4}% 13
\BOOKMARK [2][-]{subsection.4.2}{Stern Gerlach Experiments}{section.4}% 14
\BOOKMARK [3][-]{section*.2}{Stern-Gerlach Experiment 1}{subsection.4.2}% 15
\BOOKMARK [3][-]{section*.3}{Stern-Gerlach Experiment 2}{subsection.4.2}% 16
\BOOKMARK [3][-]{section*.4}{Stern-Gerlach Experiment 3}{subsection.4.2}% 17
\BOOKMARK [3][-]{section*.5}{Stern-Gerlach Experiment 4}{subsection.4.2}% 18
\BOOKMARK [2][-]{subsection.4.3}{Quantum State Vectors}{section.4}% 19
\BOOKMARK [2][-]{subsection.4.4}{Matrix Notation}{section.4}% 20
